<?xml version="1.0" encoding="UTF-8"?>
<!-- Generated by org.testng.reporters.JUnitReportReporter -->
<testsuite hostname="DESKTOP-4CVSFD9" failures="0" tests="1" name="Runner.GoogleRunner" time="14.334" errors="0" timestamp="2023-02-23T15:35:48 IST" skipped="0">
  <testcase classname="Runner.GoogleRunner" name="runScenario" time="14.334"/>
  <system-out/>
</testsuite> <!-- Runner.GoogleRunner -->
