<?xml version="1.0" encoding="UTF-8"?>
<!-- Generated by org.testng.reporters.JUnitReportReporter -->
<testsuite hostname="DESKTOP-4CVSFD9" failures="0" tests="1" name="Runner.GoogleRunner" time="9.788" errors="0" timestamp="2023-03-21T10:08:31 IST" skipped="0">
  <testcase classname="Runner.GoogleRunner" name="runScenario" time="9.788"/>
  <system-out/>
</testsuite> <!-- Runner.GoogleRunner -->
