<?xml version="1.0" encoding="UTF-8"?>
<!-- Generated by org.testng.reporters.JUnitReportReporter -->
<testsuite hostname="DESKTOP-10BP95J" failures="0" tests="1" name="Runner.OHRMRunner" time="17.930" errors="0" timestamp="2023-04-04T13:15:38 IST" skipped="0">
  <testcase classname="Runner.OHRMRunner" name="runScenario" time="17.930"/>
  <system-out/>
</testsuite> <!-- Runner.OHRMRunner -->
