<?xml version="1.0" encoding="UTF-8"?>
<!-- Generated by org.testng.reporters.JUnitReportReporter -->
<testsuite hostname="DESKTOP-4CVSFD9" failures="0" tests="5" name="Runner.RshettyRunner" time="134.154" errors="0" timestamp="2023-03-23T10:46:25 IST" skipped="0">
  <testcase classname="Runner.RshettyRunner" name="runScenario" time="25.386"/>
  <system-out/>
  <testcase classname="Runner.RshettyRunner" name="runScenario" time="24.770"/>
  <system-out/>
  <testcase classname="Runner.RshettyRunner" name="runScenario" time="33.496"/>
  <system-out/>
  <testcase classname="Runner.RshettyRunner" name="runScenario" time="25.017"/>
  <system-out/>
  <testcase classname="Runner.RshettyRunner" name="runScenario" time="25.485"/>
  <system-out/>
</testsuite> <!-- Runner.RshettyRunner -->
