<?xml version="1.0" encoding="UTF-8"?>
<!-- Generated by org.testng.reporters.JUnitReportReporter -->
<testsuite hostname="Aarya-PC" failures="0" tests="1" name="Runner.OHRMRunner" time="15.411" errors="0" timestamp="2023-04-04T15:18:10 IST" skipped="0">
  <testcase classname="Runner.OHRMRunner" name="runScenario" time="15.411"/>
  <system-out/>
</testsuite> <!-- Runner.OHRMRunner -->
