<?xml version="1.0" encoding="UTF-8"?>
<!-- Generated by org.testng.reporters.JUnitReportReporter -->
<testsuite hostname="DESKTOP-4CVSFD9" failures="0" tests="1" name="Runner.dezlearnRunner" time="23.868" errors="0" timestamp="2023-04-03T17:17:59 IST" skipped="0">
  <testcase classname="Runner.dezlearnRunner" name="runScenario" time="23.868"/>
  <system-out/>
</testsuite> <!-- Runner.dezlearnRunner -->
