<?xml version="1.0" encoding="UTF-8"?>
<!-- Generated by org.testng.reporters.JUnitReportReporter -->
<testsuite hostname="DESKTOP-4CVSFD9" failures="0" tests="5" name="Runner.RshettyRunner" time="135.334" errors="0" timestamp="2023-03-22T16:23:39 IST" skipped="0">
  <testcase classname="Runner.RshettyRunner" name="runScenario" time="25.577"/>
  <system-out/>
  <testcase classname="Runner.RshettyRunner" name="runScenario" time="25.874"/>
  <system-out/>
  <testcase classname="Runner.RshettyRunner" name="runScenario" time="25.970"/>
  <system-out/>
  <testcase classname="Runner.RshettyRunner" name="runScenario" time="31.897"/>
  <system-out/>
  <testcase classname="Runner.RshettyRunner" name="runScenario" time="26.016"/>
  <system-out/>
</testsuite> <!-- Runner.RshettyRunner -->
