<?xml version="1.0" encoding="UTF-8"?>
<!-- Generated by org.testng.reporters.JUnitReportReporter -->
<testsuite hostname="Aarya-PC" failures="0" tests="1" name="Runner.OHRMRunner" time="24.231" errors="0" timestamp="2023-04-05T11:35:29 IST" skipped="0">
  <testcase classname="Runner.OHRMRunner" name="runScenario" time="24.231"/>
  <system-out/>
</testsuite> <!-- Runner.OHRMRunner -->
