<?xml version="1.0" encoding="UTF-8"?>
<!-- Generated by org.testng.reporters.JUnitReportReporter -->
<testsuite hostname="DESKTOP-4CVSFD9" failures="0" tests="1" name="Runner.LumaRunner" time="48.291" errors="0" timestamp="2023-03-20T15:43:11 IST" skipped="0">
  <testcase classname="Runner.LumaRunner" name="runScenario" time="48.291"/>
  <system-out/>
</testsuite> <!-- Runner.LumaRunner -->
