<?xml version="1.0" encoding="UTF-8"?>
<!-- Generated by org.testng.reporters.JUnitReportReporter -->
<testsuite hostname="DESKTOP-4CVSFD9" failures="0" tests="1" name="Runner.dezlearnRunner" time="14.675" errors="0" timestamp="2023-03-18T18:00:11 IST" skipped="0">
  <testcase classname="Runner.dezlearnRunner" name="runScenario" time="14.675"/>
  <system-out/>
</testsuite> <!-- Runner.dezlearnRunner -->
