<?xml version="1.0" encoding="UTF-8"?>
<!-- Generated by org.testng.reporters.JUnitReportReporter -->
<testsuite hostname="DESKTOP-4CVSFD9" failures="0" tests="1" name="Runner.dezlearnRunner" time="14.871" errors="0" timestamp="2023-03-21T10:08:31 IST" skipped="0">
  <testcase classname="Runner.dezlearnRunner" name="runScenario" time="14.871"/>
  <system-out/>
</testsuite> <!-- Runner.dezlearnRunner -->
